# Logfile created on 2019-11-29 00:58:48 -0400 by logger.rb/31641
D, [2019-11-29T00:58:48.969443 #52547] DEBUG -- : REQUESTING PAGE: GET / with {} and HTTP headers {}
D, [2019-11-29T00:58:49.184213 #52547] DEBUG -- : REQUESTING PAGE: GET / with {} and HTTP headers {}
D, [2019-11-29T00:58:49.187802 #52547] DEBUG -- : REQUESTING PAGE: POST /ingresar with {"monto"=>"100"} and HTTP headers {"HTTP_REFERER"=>"/"}
D, [2019-11-29T00:58:49.195347 #52547] DEBUG -- : REQUESTING PAGE: GET / with {} and HTTP headers {}
D, [2019-11-29T00:58:49.198665 #52547] DEBUG -- : REQUESTING PAGE: POST /ingresar with {"monto"=>"300"} and HTTP headers {"HTTP_REFERER"=>"/"}
D, [2019-11-29T00:58:49.203408 #52547] DEBUG -- : REQUESTING PAGE: POST /retirar with {"retiro"=>"100"} and HTTP headers {"HTTP_REFERER"=>"/ingresar"}
D, [2019-11-29T10:04:55.956936 #53863] DEBUG -- : REQUESTING PAGE: GET / with {} and HTTP headers {}
D, [2019-11-29T10:04:56.035463 #53863] DEBUG -- : REQUESTING PAGE: GET / with {} and HTTP headers {}
D, [2019-11-29T10:04:56.039629 #53863] DEBUG -- : REQUESTING PAGE: POST /ingresar with {"monto"=>"100"} and HTTP headers {"HTTP_REFERER"=>"/"}
D, [2019-11-29T10:04:56.046260 #53863] DEBUG -- : REQUESTING PAGE: GET / with {} and HTTP headers {}
D, [2019-11-29T10:04:56.049469 #53863] DEBUG -- : REQUESTING PAGE: POST /ingresar with {"monto"=>"300"} and HTTP headers {"HTTP_REFERER"=>"/"}
D, [2019-11-29T10:04:56.053508 #53863] DEBUG -- : REQUESTING PAGE: POST /retirar with {"retiro"=>"100"} and HTTP headers {"HTTP_REFERER"=>"/ingresar"}
D, [2019-11-29T10:29:07.639439 #54748] DEBUG -- : REQUESTING PAGE: GET / with {} and HTTP headers {}
D, [2019-11-29T10:29:07.719423 #54748] DEBUG -- : REQUESTING PAGE: GET / with {} and HTTP headers {}
D, [2019-11-29T10:29:07.725033 #54748] DEBUG -- : REQUESTING PAGE: POST /ingresar with {"monto"=>"100"} and HTTP headers {"HTTP_REFERER"=>"/"}
D, [2019-11-29T10:29:07.733362 #54748] DEBUG -- : REQUESTING PAGE: GET / with {} and HTTP headers {}
D, [2019-11-29T10:29:07.737356 #54748] DEBUG -- : REQUESTING PAGE: POST /ingresar with {"monto"=>"300"} and HTTP headers {"HTTP_REFERER"=>"/"}
D, [2019-11-29T10:29:07.748125 #54748] DEBUG -- : REQUESTING PAGE: POST /retirar with {"retiro"=>"100"} and HTTP headers {"HTTP_REFERER"=>"/ingresar"}
D, [2019-11-29T11:05:56.230394 #55254] DEBUG -- : REQUESTING PAGE: GET / with {} and HTTP headers {}
D, [2019-11-29T11:05:56.298677 #55254] DEBUG -- : REQUESTING PAGE: GET / with {} and HTTP headers {}
D, [2019-11-29T11:05:56.304246 #55254] DEBUG -- : REQUESTING PAGE: POST /ingresar with {"monto"=>"100"} and HTTP headers {"HTTP_REFERER"=>"/"}
D, [2019-11-29T11:05:56.312474 #55254] DEBUG -- : REQUESTING PAGE: GET / with {} and HTTP headers {}
D, [2019-11-29T11:05:56.315574 #55254] DEBUG -- : REQUESTING PAGE: POST /ingresar with {"monto"=>"300"} and HTTP headers {"HTTP_REFERER"=>"/"}
D, [2019-11-29T11:05:56.335784 #55254] DEBUG -- : REQUESTING PAGE: POST /retirar with {"retiro"=>"100"} and HTTP headers {"HTTP_REFERER"=>"/ingresar"}
D, [2019-11-29T11:06:29.446768 #55485] DEBUG -- : REQUESTING PAGE: GET / with {} and HTTP headers {}
D, [2019-11-29T11:06:29.525084 #55485] DEBUG -- : REQUESTING PAGE: GET / with {} and HTTP headers {}
D, [2019-11-29T11:06:29.528366 #55485] DEBUG -- : REQUESTING PAGE: POST /ingresar with {"monto"=>"100"} and HTTP headers {"HTTP_REFERER"=>"/"}
D, [2019-11-29T11:06:29.537031 #55485] DEBUG -- : REQUESTING PAGE: GET / with {} and HTTP headers {}
D, [2019-11-29T11:06:29.540493 #55485] DEBUG -- : REQUESTING PAGE: POST /ingresar with {"monto"=>"300"} and HTTP headers {"HTTP_REFERER"=>"/"}
D, [2019-11-29T11:06:29.544292 #55485] DEBUG -- : REQUESTING PAGE: POST /retirar with {"retiro"=>"100"} and HTTP headers {"HTTP_REFERER"=>"/ingresar"}
D, [2019-11-29T11:06:44.281223 #55621] DEBUG -- : REQUESTING PAGE: GET / with {} and HTTP headers {}
D, [2019-11-29T11:06:44.336833 #55621] DEBUG -- : REQUESTING PAGE: GET / with {} and HTTP headers {}
D, [2019-11-29T11:06:44.340570 #55621] DEBUG -- : REQUESTING PAGE: POST /ingresar with {"monto"=>"100"} and HTTP headers {"HTTP_REFERER"=>"/"}
D, [2019-11-29T11:06:44.348913 #55621] DEBUG -- : REQUESTING PAGE: GET / with {} and HTTP headers {}
D, [2019-11-29T11:06:44.351681 #55621] DEBUG -- : REQUESTING PAGE: POST /ingresar with {"monto"=>"300"} and HTTP headers {"HTTP_REFERER"=>"/"}
D, [2019-11-29T11:06:44.354087 #55621] DEBUG -- : REQUESTING PAGE: POST /retirar with {"retiro"=>"100"} and HTTP headers {"HTTP_REFERER"=>"/ingresar"}
D, [2019-11-29T22:36:05.285713 #21288] DEBUG -- : REQUESTING PAGE: GET / with {} and HTTP headers {}
D, [2019-11-29T22:37:55.277614 #14672] DEBUG -- : REQUESTING PAGE: GET / with {} and HTTP headers {}
D, [2019-11-29T22:39:31.228530 #16804] DEBUG -- : REQUESTING PAGE: GET / with {} and HTTP headers {}
D, [2019-11-29T22:52:25.760738 #4248] DEBUG -- : REQUESTING PAGE: GET / with {} and HTTP headers {}
D, [2019-11-29T23:33:33.719283 #6204] DEBUG -- : REQUESTING PAGE: GET / with {} and HTTP headers {}
D, [2019-11-29T23:37:41.313395 #20736] DEBUG -- : REQUESTING PAGE: GET / with {} and HTTP headers {}
D, [2019-11-29T23:41:02.139332 #13004] DEBUG -- : REQUESTING PAGE: GET / with {} and HTTP headers {}
D, [2019-11-29T23:41:29.461978 #13900] DEBUG -- : REQUESTING PAGE: GET / with {} and HTTP headers {}
D, [2019-11-30T10:06:08.033200 #22116] DEBUG -- : REQUESTING PAGE: GET / with {} and HTTP headers {}
D, [2019-12-03T11:04:04.367886 #13584] DEBUG -- : REQUESTING PAGE: GET / with {} and HTTP headers {}
D, [2019-12-03T11:04:47.413443 #5124] DEBUG -- : REQUESTING PAGE: GET / with {} and HTTP headers {}
D, [2019-12-03T11:05:09.727198 #20580] DEBUG -- : REQUESTING PAGE: GET / with {} and HTTP headers {}
D, [2019-12-03T11:05:09.812836 #20580] DEBUG -- : REQUESTING PAGE: GET / with {} and HTTP headers {}
D, [2019-12-03T11:05:24.770193 #11364] DEBUG -- : REQUESTING PAGE: GET / with {} and HTTP headers {}
D, [2019-12-03T11:05:24.848079 #11364] DEBUG -- : REQUESTING PAGE: GET / with {} and HTTP headers {}
D, [2019-12-03T11:12:53.354537 #7092] DEBUG -- : REQUESTING PAGE: GET / with {} and HTTP headers {}
D, [2019-12-03T11:12:53.442903 #7092] DEBUG -- : REQUESTING PAGE: GET / with {} and HTTP headers {}
D, [2019-12-03T11:13:25.342681 #3352] DEBUG -- : REQUESTING PAGE: GET / with {} and HTTP headers {}
D, [2019-12-03T11:13:25.424871 #3352] DEBUG -- : REQUESTING PAGE: GET / with {} and HTTP headers {}
D, [2019-12-03T11:15:53.514715 #16232] DEBUG -- : REQUESTING PAGE: GET / with {} and HTTP headers {}
D, [2019-12-03T11:15:53.678271 #16232] DEBUG -- : REQUESTING PAGE: GET / with {} and HTTP headers {}
D, [2019-12-03T11:16:24.243749 #13544] DEBUG -- : REQUESTING PAGE: GET / with {} and HTTP headers {}
D, [2019-12-03T11:16:24.400490 #13544] DEBUG -- : REQUESTING PAGE: GET / with {} and HTTP headers {}
D, [2019-12-03T11:17:24.610528 #16336] DEBUG -- : REQUESTING PAGE: GET / with {} and HTTP headers {}
D, [2019-12-03T11:17:24.775142 #16336] DEBUG -- : REQUESTING PAGE: GET / with {} and HTTP headers {}
D, [2019-12-03T11:18:14.817595 #10592] DEBUG -- : REQUESTING PAGE: GET / with {} and HTTP headers {}
D, [2019-12-03T11:18:14.967646 #10592] DEBUG -- : REQUESTING PAGE: GET / with {} and HTTP headers {}
D, [2019-12-03T11:19:30.015554 #756] DEBUG -- : REQUESTING PAGE: GET / with {} and HTTP headers {}
D, [2019-12-03T11:19:30.175412 #756] DEBUG -- : REQUESTING PAGE: GET / with {} and HTTP headers {}
D, [2019-12-03T11:23:56.893628 #1324] DEBUG -- : REQUESTING PAGE: GET / with {} and HTTP headers {}
D, [2019-12-03T11:23:57.114764 #1324] DEBUG -- : REQUESTING PAGE: GET / with {} and HTTP headers {}
D, [2019-12-03T11:25:15.837906 #11684] DEBUG -- : REQUESTING PAGE: GET / with {} and HTTP headers {}
D, [2019-12-03T11:25:16.054866 #11684] DEBUG -- : REQUESTING PAGE: GET / with {} and HTTP headers {}
D, [2019-12-03T11:25:16.078146 #11684] DEBUG -- : REQUESTING PAGE: POST /saludar with {"nombre"=>"Juan"} and HTTP headers {"HTTP_REFERER"=>"/"}
D, [2019-12-03T11:26:03.850500 #21320] DEBUG -- : REQUESTING PAGE: GET / with {} and HTTP headers {}
D, [2019-12-03T11:26:04.057258 #21320] DEBUG -- : REQUESTING PAGE: GET / with {} and HTTP headers {}
D, [2019-12-03T11:26:04.075577 #21320] DEBUG -- : REQUESTING PAGE: POST /saludar with {"nombre"=>"Juan"} and HTTP headers {"HTTP_REFERER"=>"/"}
D, [2019-12-03T11:26:28.421539 #1960] DEBUG -- : REQUESTING PAGE: GET / with {} and HTTP headers {}
D, [2019-12-03T11:26:28.640965 #1960] DEBUG -- : REQUESTING PAGE: GET / with {} and HTTP headers {}
D, [2019-12-03T11:26:28.659116 #1960] DEBUG -- : REQUESTING PAGE: POST /saludar with {"nombre"=>"Juan"} and HTTP headers {"HTTP_REFERER"=>"/"}
D, [2019-12-03T11:26:53.635415 #16340] DEBUG -- : REQUESTING PAGE: GET / with {} and HTTP headers {}
D, [2019-12-03T11:26:53.849886 #16340] DEBUG -- : REQUESTING PAGE: GET / with {} and HTTP headers {}
D, [2019-12-03T11:26:53.868807 #16340] DEBUG -- : REQUESTING PAGE: POST /saludar with {"nombre"=>"Juan"} and HTTP headers {"HTTP_REFERER"=>"/"}
D, [2019-12-03T11:28:08.234253 #13724] DEBUG -- : REQUESTING PAGE: GET / with {} and HTTP headers {}
D, [2019-12-03T11:28:08.430925 #13724] DEBUG -- : REQUESTING PAGE: GET / with {} and HTTP headers {}
D, [2019-12-03T11:28:08.452509 #13724] DEBUG -- : REQUESTING PAGE: POST /saludar with {"nombre"=>"Juan"} and HTTP headers {"HTTP_REFERER"=>"/"}
D, [2019-12-03T11:30:28.193763 #18748] DEBUG -- : REQUESTING PAGE: GET / with {} and HTTP headers {}
D, [2019-12-03T11:30:28.337154 #18748] DEBUG -- : REQUESTING PAGE: GET / with {} and HTTP headers {}
D, [2019-12-03T11:30:28.353846 #18748] DEBUG -- : REQUESTING PAGE: POST /saludar with {"nombre"=>"Juan"} and HTTP headers {"HTTP_REFERER"=>"/"}
D, [2019-12-03T11:34:12.884230 #19928] DEBUG -- : REQUESTING PAGE: GET / with {} and HTTP headers {}
D, [2019-12-03T11:34:13.040201 #19928] DEBUG -- : REQUESTING PAGE: GET / with {} and HTTP headers {}
D, [2019-12-03T11:34:13.061737 #19928] DEBUG -- : REQUESTING PAGE: POST /saludar with {"nombre"=>"Juan"} and HTTP headers {"HTTP_REFERER"=>"/"}
D, [2019-12-03T11:34:13.085864 #19928] DEBUG -- : REQUESTING PAGE: GET / with {} and HTTP headers {}
D, [2019-12-03T11:34:13.112246 #19928] DEBUG -- : REQUESTING PAGE: POST /saludar with {"nombre"=>"Pedro"} and HTTP headers {"HTTP_REFERER"=>"/"}
D, [2019-12-03T11:37:51.606137 #9620] DEBUG -- : REQUESTING PAGE: GET / with {} and HTTP headers {}
D, [2019-12-03T11:37:51.767953 #9620] DEBUG -- : REQUESTING PAGE: GET / with {} and HTTP headers {}
D, [2019-12-03T11:37:51.795750 #9620] DEBUG -- : REQUESTING PAGE: GET / with {} and HTTP headers {}
D, [2019-12-03T11:38:24.401832 #21352] DEBUG -- : REQUESTING PAGE: GET / with {} and HTTP headers {}
D, [2019-12-03T11:38:24.553092 #21352] DEBUG -- : REQUESTING PAGE: GET / with {} and HTTP headers {}
D, [2019-12-03T11:38:24.574103 #21352] DEBUG -- : REQUESTING PAGE: POST /saludar with {"nombre"=>"Juan"} and HTTP headers {"HTTP_REFERER"=>"/"}
D, [2019-12-03T11:39:35.984648 #15116] DEBUG -- : REQUESTING PAGE: GET / with {} and HTTP headers {}
D, [2019-12-03T11:39:36.141837 #15116] DEBUG -- : REQUESTING PAGE: GET / with {} and HTTP headers {}
D, [2019-12-03T11:39:36.163363 #15116] DEBUG -- : REQUESTING PAGE: POST /saludar with {"nombre"=>"Juan"} and HTTP headers {"HTTP_REFERER"=>"/"}
D, [2019-12-04T15:55:08.141368 #18344] DEBUG -- : REQUESTING PAGE: GET / with {} and HTTP headers {}
D, [2019-12-04T15:55:08.303009 #18344] DEBUG -- : REQUESTING PAGE: GET / with {} and HTTP headers {}
D, [2019-12-04T15:55:08.325615 #18344] DEBUG -- : REQUESTING PAGE: POST /saludar with {"nombre"=>"Juan"} and HTTP headers {"HTTP_REFERER"=>"/"}
D, [2019-12-04T16:01:01.423696 #1012] DEBUG -- : REQUESTING PAGE: GET / with {} and HTTP headers {}
D, [2019-12-04T16:01:01.599916 #1012] DEBUG -- : REQUESTING PAGE: GET / with {} and HTTP headers {}
D, [2019-12-04T16:01:01.627736 #1012] DEBUG -- : REQUESTING PAGE: POST /saludar with {"nombre"=>"Juan"} and HTTP headers {"HTTP_REFERER"=>"/"}
D, [2019-12-04T16:01:01.659812 #1012] DEBUG -- : REQUESTING PAGE: GET / with {} and HTTP headers {}
D, [2019-12-04T16:01:01.680131 #1012] DEBUG -- : REQUESTING PAGE: POST /saludar with {"nombre"=>"Pedro"} and HTTP headers {"HTTP_REFERER"=>"/"}
D, [2019-12-11T00:49:20.288579 #24080] DEBUG -- : REQUESTING PAGE: GET / with {} and HTTP headers {}
D, [2019-12-11T00:49:20.441098 #24080] DEBUG -- : REQUESTING PAGE: GET / with {} and HTTP headers {}
D, [2019-12-11T00:49:20.477586 #24080] DEBUG -- : REQUESTING PAGE: POST /saludar with {"nombre"=>"Juan"} and HTTP headers {"HTTP_REFERER"=>"/"}
D, [2019-12-11T00:49:20.502380 #24080] DEBUG -- : REQUESTING PAGE: GET / with {} and HTTP headers {}
D, [2019-12-11T00:49:20.522507 #24080] DEBUG -- : REQUESTING PAGE: POST /saludar with {"nombre"=>"Pedro"} and HTTP headers {"HTTP_REFERER"=>"/"}
